-------------------------------------------------------------------------------
Test set: org.java.calculator.EmployeeTest
-------------------------------------------------------------------------------
Tests run: 1, Failures: 0, Errors: 1, Skipped: 0, Time elapsed: 0.009 s <<< FAILURE! - in org.java.calculator.EmployeeTest
getTestLocaldate  Time elapsed: 0.009 s  <<< ERROR!
java.lang.NullPointerException: Cannot invoke "org.java.calculator.Employee.getName()" because "this.e" is null
	at org.java.calculator.EmployeeTest.getTestLocaldate(EmployeeTest.java:65)

