<?xml version="1.0" encoding="UTF-8"?>
<testsuite xmlns:xsi="http://www.w3.org/2001/XMLSchema-instance" xsi:noNamespaceSchemaLocation="https://maven.apache.org/surefire/maven-surefire-plugin/xsd/surefire-test-report.xsd" name="org.java.calculator.CalculatorTest" time="0.099" tests="40" errors="0" skipped="0" failures="0">
  <properties>
[...]
</properties>
  <testcase name="getMultiply[1]" classname="org.java.calculator.CalculatorTest" time="0.019"/>
  <testcase name="getMultiply[2]" classname="org.java.calculator.CalculatorTest" time="0.001"/>
  <testcase name="getMultiply[3]" classname="org.java.calculator.CalculatorTest" time="0"/>
  <testcase name="getMultiply[4]" classname="org.java.calculator.CalculatorTest" time="0.001"/>
  <testcase name="getMultiply[5]" classname="org.java.calculator.CalculatorTest" time="0.001"/>
  <testcase name="getMultiply[6]" classname="org.java.calculator.CalculatorTest" time="0.001"/>
  <testcase name="getMultiply[7]" classname="org.java.calculator.CalculatorTest" time="0.001"/>
  <testcase name="getMultiply[8]" classname="org.java.calculator.CalculatorTest" time="0"/>
  <testcase name="getMultiply[9]" classname="org.java.calculator.CalculatorTest" time="0"/>
  <testcase name="getMultiply[10]" classname="org.java.calculator.CalculatorTest" time="0"/>
  <testcase name="getAdd[1]" classname="org.java.calculator.CalculatorTest" time="0.001"/>
  <testcase name="getAdd[2]" classname="org.java.calculator.CalculatorTest" time="0.001"/>
  <testcase name="getAdd[3]" classname="org.java.calculator.CalculatorTest" time="0"/>
  <testcase name="getAdd[4]" classname="org.java.calculator.CalculatorTest" time="0"/>
  <testcase name="getAdd[5]" classname="org.java.calculator.CalculatorTest" time="0.001"/>
  <testcase name="getAdd[6]" classname="org.java.calculator.CalculatorTest" time="0.001"/>
  <testcase name="getAdd[7]" classname="org.java.calculator.CalculatorTest" time="0.001"/>
  <testcase name="getAdd[8]" classname="org.java.calculator.CalculatorTest" time="0.001"/>
  <testcase name="getAdd[9]" classname="org.java.calculator.CalculatorTest" time="0.001"/>
  <testcase name="getAdd[10]" classname="org.java.calculator.CalculatorTest" time="0.001"/>
  <testcase name="getSubtract[1]" classname="org.java.calculator.CalculatorTest" time="0"/>
  <testcase name="getSubtract[2]" classname="org.java.calculator.CalculatorTest" time="0"/>
  <testcase name="getSubtract[3]" classname="org.java.calculator.CalculatorTest" time="0"/>
  <testcase name="getSubtract[4]" classname="org.java.calculator.CalculatorTest" time="0.001"/>
  <testcase name="getSubtract[5]" classname="org.java.calculator.CalculatorTest" time="0"/>
  <testcase name="getSubtract[6]" classname="org.java.calculator.CalculatorTest" time="0.001"/>
  <testcase name="getSubtract[7]" classname="org.java.calculator.CalculatorTest" time="0.001"/>
  <testcase name="getSubtract[8]" classname="org.java.calculator.CalculatorTest" time="0.001"/>
  <testcase name="getSubtract[9]" classname="org.java.calculator.CalculatorTest" time="0.001"/>
  <testcase name="getSubtract[10]" classname="org.java.calculator.CalculatorTest" time="0.001"/>
  <testcase name="getDivide[1]" classname="org.java.calculator.CalculatorTest" time="0.001"/>
  <testcase name="getDivide[2]" classname="org.java.calculator.CalculatorTest" time="0"/>
  <testcase name="getDivide[3]" classname="org.java.calculator.CalculatorTest" time="0"/>
  <testcase name="getDivide[4]" classname="org.java.calculator.CalculatorTest" time="0.001"/>
  <testcase name="getDivide[5]" classname="org.java.calculator.CalculatorTest" time="0"/>
  <testcase name="getDivide[6]" classname="org.java.calculator.CalculatorTest" time="0"/>
  <testcase name="getDivide[7]" classname="org.java.calculator.CalculatorTest" time="0.001"/>
  <testcase name="getDivide[8]" classname="org.java.calculator.CalculatorTest" time="0.001"/>
  <testcase name="getDivide[9]" classname="org.java.calculator.CalculatorTest" time="0"/>
  <testcase name="getDivide[10]" classname="org.java.calculator.CalculatorTest" time="0"/>
</testsuite>