<?xml version="1.0" encoding="UTF-8"?>
<testsuite xmlns:xsi="http://www.w3.org/2001/XMLSchema-instance" xsi:noNamespaceSchemaLocation="https://maven.apache.org/surefire/maven-surefire-plugin/xsd/surefire-test-report.xsd" name="org.java.calculator.EmployeeTest" time="0.009" tests="1" errors="1" skipped="0" failures="0">
  <properties>
[...]
</properties>
  <testcase name="getTestLocaldate" classname="org.java.calculator.EmployeeTest" time="0.009">
    <error message="Cannot invoke &quot;org.java.calculator.Employee.getName()&quot; because &quot;this.e&quot; is null" type="java.lang.NullPointerException">java.lang.NullPointerException: Cannot invoke "org.java.calculator.Employee.getName()" because "this.e" is null
	at org.java.calculator.EmployeeTest.getTestLocaldate(EmployeeTest.java:65)
</error>
  </testcase>
</testsuite>